<?xml version="1.0" encoding="UTF-8"?>
<robot generator="Robot 7.2.2 (Python 3.9.13 on win32)" generated="2025-04-14T10:46:08.999529" rpa="false" schemaversion="5">
<suite id="s1" name="Utilitários" source="c:\Users\Gustavo Zanotto\AppData\Local\Programs\Python\Python39\Scripts\RobotFramework\EstruturasBase\DESKTOP\Tests\SmokeTest\Parques_Naturais\ERP\Financeiro\Utilitários.robot">
<kw name="Iniciar sessao financeiro" owner="BaseDesktop" type="SETUP">
<kw name="Carregar os elementos do app" owner="BaseDesktop">
<kw name="Add Image Path" owner="SikuliLibrary">
<arg>${EXECDIR}\\EstruturasBase\\DESKTOP\\Elements</arg>
<doc>Add image path</doc>
<status status="PASS" start="2025-04-14T10:46:18.109947" elapsed="0.065681"/>
</kw>
<status status="PASS" start="2025-04-14T10:46:18.107952" elapsed="0.067676"/>
</kw>
<kw name="Open Application" owner="RPA.Desktop">
<msg time="2025-04-14T10:46:18.176625" level="INFO">Starting application: C:\Limber\ERP 8.009R2\cde_win_fin.exe</msg>
<msg time="2025-04-14T10:46:18.202405" level="INFO">${front} = Application("cde_win_fin.exe", pid:20228)</msg>
<var>${front}</var>
<arg>C:\\Limber\\ERP 8.009R2\\cde_win_fin.exe</arg>
<doc>Start a given application by name (if in PATH),
or by path to executable.</doc>
<status status="PASS" start="2025-04-14T10:46:18.176625" elapsed="0.026778"/>
</kw>
<kw name="Sleep" owner="BuiltIn">
<msg time="2025-04-14T10:46:21.222978" level="INFO">Slept 3 seconds.</msg>
<arg>3s</arg>
<doc>Pauses the test executed for the given time.</doc>
<status status="PASS" start="2025-04-14T10:46:18.203403" elapsed="3.019575"/>
</kw>
<kw name="Press Keys" owner="RPA.Desktop">
<msg time="2025-04-14T10:46:21.222978" level="INFO">Pressing keys: Key.enter</msg>
<arg>enter</arg>
<doc>Press multiple keys down simultaneously.</doc>
<status status="PASS" start="2025-04-14T10:46:21.222978" elapsed="0.009620"/>
</kw>
<kw name="Sleep" owner="BuiltIn">
<msg time="2025-04-14T10:46:25.252815" level="INFO">Slept 4 seconds.</msg>
<msg time="2025-04-14T10:46:25.252815" level="INFO">Carregando a base...</msg>
<arg>4s</arg>
<arg>Carregando a base...</arg>
<doc>Pauses the test executed for the given time.</doc>
<status status="PASS" start="2025-04-14T10:46:21.232598" elapsed="4.020217"/>
</kw>
<kw name="Type Text" owner="RPA.Desktop">
<arg>1</arg>
<doc>Type text one letter at a time.</doc>
<status status="PASS" start="2025-04-14T10:46:25.252815" elapsed="0.005021"/>
</kw>
<kw name="Press Keys" owner="RPA.Desktop">
<msg time="2025-04-14T10:46:25.262939" level="INFO">Pressing keys: Key.enter</msg>
<arg>enter</arg>
<doc>Press multiple keys down simultaneously.</doc>
<status status="PASS" start="2025-04-14T10:46:25.262939" elapsed="0.109872"/>
</kw>
<kw name="Press Keys" owner="RPA.Desktop">
<msg time="2025-04-14T10:46:25.379387" level="INFO">Pressing keys: Key.enter</msg>
<arg>enter</arg>
<doc>Press multiple keys down simultaneously.</doc>
<status status="PASS" start="2025-04-14T10:46:25.377827" elapsed="0.114957"/>
</kw>
<status status="PASS" start="2025-04-14T10:46:18.107952" elapsed="7.384832"/>
</kw>
<test id="s1-t1" name="Configurar de Dup/Boletos/Carnês" line="149">
<kw name="Utilitários">
<kw name="Cadastros" owner="BaseDesktop">
<kw name="Click" owner="SikuliLibrary">
<msg time="2025-04-14T10:46:27.600760" level="INFO" html="true">&lt;img src='sikuli_captured/sikuliximage-1744638386752.png'/&gt;
[log] CLICK on L[34,32]@S(0) (592 msec)</msg>
<arg>Cadastros.png</arg>
<doc>Click</doc>
<status status="PASS" start="2025-04-14T10:46:25.492784" elapsed="2.108974"/>
</kw>
<status status="PASS" start="2025-04-14T10:46:25.492784" elapsed="2.108974"/>
</kw>
<kw name="repetidor de teclas" owner="BaseDesktop">
<for flavor="IN RANGE">
<iter>
<kw name="Press Keys" owner="RPA.Desktop">
<msg time="2025-04-14T10:46:27.608738" level="INFO">Pressing keys: Key.right</msg>
<arg>${tecla}</arg>
<doc>Press multiple keys down simultaneously.</doc>
<status status="PASS" start="2025-04-14T10:46:27.607741" elapsed="0.009239"/>
</kw>
<var name="${quantidade_de_clicks}">1</var>
<status status="PASS" start="2025-04-14T10:46:27.606744" elapsed="0.010236"/>
</iter>
<iter>
<kw name="Press Keys" owner="RPA.Desktop">
<msg time="2025-04-14T10:46:27.622502" level="INFO">Pressing keys: Key.right</msg>
<arg>${tecla}</arg>
<doc>Press multiple keys down simultaneously.</doc>
<status status="PASS" start="2025-04-14T10:46:27.620967" elapsed="0.111322"/>
</kw>
<var name="${quantidade_de_clicks}">2</var>
<status status="PASS" start="2025-04-14T10:46:27.618348" elapsed="0.113941"/>
</iter>
<iter>
<kw name="Press Keys" owner="RPA.Desktop">
<msg time="2025-04-14T10:46:27.737297" level="INFO">Pressing keys: Key.right</msg>
<arg>${tecla}</arg>
<doc>Press multiple keys down simultaneously.</doc>
<status status="PASS" start="2025-04-14T10:46:27.732289" elapsed="0.110224"/>
</kw>
<var name="${quantidade_de_clicks}">3</var>
<status status="PASS" start="2025-04-14T10:46:27.732289" elapsed="0.110224"/>
</iter>
<iter>
<kw name="Press Keys" owner="RPA.Desktop">
<msg time="2025-04-14T10:46:27.842513" level="INFO">Pressing keys: Key.right</msg>
<arg>${tecla}</arg>
<doc>Press multiple keys down simultaneously.</doc>
<status status="PASS" start="2025-04-14T10:46:27.842513" elapsed="0.112346"/>
</kw>
<var name="${quantidade_de_clicks}">4</var>
<status status="PASS" start="2025-04-14T10:46:27.842513" elapsed="0.113345"/>
</iter>
<iter>
<kw name="Press Keys" owner="RPA.Desktop">
<msg time="2025-04-14T10:46:27.957852" level="INFO">Pressing keys: Key.right</msg>
<arg>${tecla}</arg>
<doc>Press multiple keys down simultaneously.</doc>
<status status="PASS" start="2025-04-14T10:46:27.956855" elapsed="0.109118"/>
</kw>
<var name="${quantidade_de_clicks}">5</var>
<status status="PASS" start="2025-04-14T10:46:27.956855" elapsed="0.109118"/>
</iter>
<iter>
<kw name="Press Keys" owner="RPA.Desktop">
<msg time="2025-04-14T10:46:28.072535" level="INFO">Pressing keys: Key.right</msg>
<arg>${tecla}</arg>
<doc>Press multiple keys down simultaneously.</doc>
<status status="PASS" start="2025-04-14T10:46:28.068004" elapsed="0.104724"/>
</kw>
<var name="${quantidade_de_clicks}">6</var>
<status status="PASS" start="2025-04-14T10:46:28.068004" elapsed="0.104724"/>
</iter>
<iter>
<kw name="Press Keys" owner="RPA.Desktop">
<msg time="2025-04-14T10:46:28.172728" level="INFO">Pressing keys: Key.right</msg>
<arg>${tecla}</arg>
<doc>Press multiple keys down simultaneously.</doc>
<status status="PASS" start="2025-04-14T10:46:28.172728" elapsed="0.109621"/>
</kw>
<var name="${quantidade_de_clicks}">7</var>
<status status="PASS" start="2025-04-14T10:46:28.172728" elapsed="0.109621"/>
</iter>
<iter>
<kw name="Press Keys" owner="RPA.Desktop">
<msg time="2025-04-14T10:46:28.282349" level="INFO">Pressing keys: Key.right</msg>
<arg>${tecla}</arg>
<doc>Press multiple keys down simultaneously.</doc>
<status status="PASS" start="2025-04-14T10:46:28.282349" elapsed="0.119959"/>
</kw>
<var name="${quantidade_de_clicks}">8</var>
<status status="PASS" start="2025-04-14T10:46:28.282349" elapsed="0.119959"/>
</iter>
<iter>
<kw name="Press Keys" owner="RPA.Desktop">
<msg time="2025-04-14T10:46:28.402308" level="INFO">Pressing keys: Key.right</msg>
<arg>${tecla}</arg>
<doc>Press multiple keys down simultaneously.</doc>
<status status="PASS" start="2025-04-14T10:46:28.402308" elapsed="0.120382"/>
</kw>
<var name="${quantidade_de_clicks}">9</var>
<status status="PASS" start="2025-04-14T10:46:28.402308" elapsed="0.120382"/>
</iter>
<iter>
<kw name="Press Keys" owner="RPA.Desktop">
<msg time="2025-04-14T10:46:28.532263" level="INFO">Pressing keys: Key.right</msg>
<arg>${tecla}</arg>
<doc>Press multiple keys down simultaneously.</doc>
<status status="PASS" start="2025-04-14T10:46:28.522690" elapsed="0.119992"/>
</kw>
<var name="${quantidade_de_clicks}">10</var>
<status status="PASS" start="2025-04-14T10:46:28.522690" elapsed="0.119992"/>
</iter>
<iter>
<kw name="Press Keys" owner="RPA.Desktop">
<msg time="2025-04-14T10:46:28.642682" level="INFO">Pressing keys: Key.right</msg>
<arg>${tecla}</arg>
<doc>Press multiple keys down simultaneously.</doc>
<status status="PASS" start="2025-04-14T10:46:28.642682" elapsed="0.100114"/>
</kw>
<var name="${quantidade_de_clicks}">11</var>
<status status="PASS" start="2025-04-14T10:46:28.642682" elapsed="0.100114"/>
</iter>
<iter>
<kw name="Press Keys" owner="RPA.Desktop">
<msg time="2025-04-14T10:46:28.742796" level="INFO">Pressing keys: Key.right</msg>
<arg>${tecla}</arg>
<doc>Press multiple keys down simultaneously.</doc>
<status status="PASS" start="2025-04-14T10:46:28.742796" elapsed="0.120119"/>
</kw>
<var name="${quantidade_de_clicks}">12</var>
<status status="PASS" start="2025-04-14T10:46:28.742796" elapsed="0.120119"/>
</iter>
<var>${quantidade_de_clicks}</var>
<value>1</value>
<value>${quantidade_de_clicks}+1</value>
<status status="PASS" start="2025-04-14T10:46:27.604751" elapsed="1.258164"/>
</for>
<arg>right</arg>
<arg>12</arg>
<status status="PASS" start="2025-04-14T10:46:27.603752" elapsed="1.263677"/>
</kw>
<status status="PASS" start="2025-04-14T10:46:25.492784" elapsed="3.374645"/>
</kw>
<kw name="Click" owner="RPA.Windows">
<msg time="2025-04-14T10:46:28.892626" level="INFO">Getting element with locator: Configurar de Dup/Boletos/Carnês</msg>
<msg time="2025-04-14T10:46:28.937410" level="INFO">Resulted root element: WindowsElement(item=&lt;PaneControl ClassName='#32769' AutomationId= Rect=(0,0,1366,768)[1366x768] Name='Área de Trabalho 1' Handle=0x10010(65552)&gt;, locator=None, name='Área de Trabalho 1', automation_id='', control_type='PaneControl', class_name='#32769', left=0, right=1366, top=0, bottom=768, width=1366, height=768, xcenter=683, ycenter=384)</msg>
<msg time="2025-04-14T10:46:28.937410" level="INFO">Locator 'Configurar de Dup/Boletos/Carnês' produced matcher: MatchObject(locators=[('Name', 'Configurar de Dup/Boletos/Carnês', 0)], _classes=set(), max_level=0)</msg>
<msg time="2025-04-14T10:46:29.362428" level="INFO">Returning element: WindowsElement(item=&lt;MenuItemControl ClassName='' AutomationId=379 Rect=(896,336,1207,358)[311x22] Name='Configurar de Dup/Boletos/Carnês' Handle=0x0(0)&gt;, locator='Configurar de Dup/Boletos/Carnês', name='Configurar de Dup/Boletos/Carnês', automation_id='379', control_type='MenuItemControl', class_name='', left=896, right=1207, top=336, bottom=358, width=311, height=22, xcenter=1051, ycenter=347)</msg>
<arg>Configurar de Dup/Boletos/Carnês</arg>
<tag>action</tag>
<tag>mouse</tag>
<doc>Mouse click on element matching given locator.</doc>
<status status="PASS" start="2025-04-14T10:46:28.887586" elapsed="1.064724"/>
</kw>
<kw name="Get Text" owner="RPA.Windows">
<msg time="2025-04-14T10:46:29.967865" level="INFO">Getting element with locator: Configuração de Duplicatas/Carnes/Boletos (1)</msg>
<msg time="2025-04-14T10:46:29.993813" level="INFO">Resulted root element: WindowsElement(item=&lt;PaneControl ClassName='#32769' AutomationId= Rect=(0,0,1366,768)[1366x768] Name='Área de Trabalho 1' Handle=0x10010(65552)&gt;, locator=None, name='Área de Trabalho 1', automation_id='', control_type='PaneControl', class_name='#32769', left=0, right=1366, top=0, bottom=768, width=1366, height=768, xcenter=683, ycenter=384)</msg>
<msg time="2025-04-14T10:46:29.993813" level="INFO">Locator 'Configuração de Duplicatas/Carnes/Boletos (1)' produced matcher: MatchObject(locators=[('Name', 'Configuração de Duplicatas/Carnes/Boletos (1)', 0)], _classes=set(), max_level=0)</msg>
<msg time="2025-04-14T10:46:30.322626" level="INFO">Returning element: WindowsElement(item=&lt;WindowControl ClassName='TfrmCadConfDuplicata' AutomationId=65280 Rect=(-8,55,1374,716)[1382x661] Name='Configuração de Duplicatas/Carnes/Boletos (1)' Handle=0x4B06D6(4916950)&gt;, locator='Configuração de Duplicatas/Carnes/Boletos (1)', name='Configuração de Duplicatas/Carnes/Boletos (1)', automation_id='65280', control_type='WindowControl', class_name='TfrmCadConfDuplicata', left=-8, right=1374, top=55, bottom=716, width=1382, height=661, xcenter=683, ycenter=385)</msg>
<arg>Configuração de Duplicatas/Carnes/Boletos (1)</arg>
<tag>action</tag>
<doc>Get text from Control element defined by the locator.</doc>
<status status="PASS" start="2025-04-14T10:46:29.962368" elapsed="0.360258"/>
</kw>
<kw name="Screenshot" owner="BaseDesktop">
<kw name="Screenshot" owner="RPA.Windows">
<msg time="2025-04-14T10:46:30.334084" level="INFO">Getting element with locator: Configuração de Duplicatas/Carnes/Boletos (1)</msg>
<msg time="2025-04-14T10:46:30.342614" level="INFO">Resulted root element: WindowsElement(item=&lt;PaneControl ClassName='#32769' AutomationId= Rect=(0,0,1366,768)[1366x768] Name='Área de Trabalho 1' Handle=0x10010(65552)&gt;, locator=None, name='Área de Trabalho 1', automation_id='', control_type='PaneControl', class_name='#32769', left=0, right=1366, top=0, bottom=768, width=1366, height=768, xcenter=683, ycenter=384)</msg>
<msg time="2025-04-14T10:46:30.342614" level="INFO">Locator 'Configuração de Duplicatas/Carnes/Boletos (1)' produced matcher: MatchObject(locators=[('Name', 'Configuração de Duplicatas/Carnes/Boletos (1)', 0)], _classes=set(), max_level=0)</msg>
<msg time="2025-04-14T10:46:30.666046" level="INFO">Returning element: WindowsElement(item=&lt;WindowControl ClassName='TfrmCadConfDuplicata' AutomationId=65280 Rect=(-8,55,1374,716)[1382x661] Name='Configuração de Duplicatas/Carnes/Boletos (1)' Handle=0x4B06D6(4916950)&gt;, locator='Configuração de Duplicatas/Carnes/Boletos (1)', name='Configuração de Duplicatas/Carnes/Boletos (1)', automation_id='65280', control_type='WindowControl', class_name='TfrmCadConfDuplicata', left=-8, right=1374, top=55, bottom=716, width=1382, height=661, xcenter=683, ycenter=385)</msg>
<arg>${janela}</arg>
<arg>${Caminho}.png</arg>
<tag>action</tag>
<doc>Take a screenshot of the element defined by the locator.</doc>
<status status="PASS" start="2025-04-14T10:46:30.333361" elapsed="0.469202"/>
</kw>
<arg>Configuração de Duplicatas/Carnes/Boletos (1)</arg>
<arg>${Caminho_Screenshots}Configurar de Dup_Boletos_Carnês</arg>
<status status="PASS" start="2025-04-14T10:46:30.322626" elapsed="0.479937"/>
</kw>
<kw name="Fechar janela" owner="BaseDesktop">
<kw name="Set Anchor" owner="RPA.Windows">
<msg time="2025-04-14T10:46:30.802563" level="INFO">Getting element with locator: Aplicativo</msg>
<msg time="2025-04-14T10:46:30.825387" level="INFO">Resulted root element: WindowsElement(item=&lt;PaneControl ClassName='#32769' AutomationId= Rect=(0,0,1366,768)[1366x768] Name='Área de Trabalho 1' Handle=0x10010(65552)&gt;, locator=None, name='Área de Trabalho 1', automation_id='', control_type='PaneControl', class_name='#32769', left=0, right=1366, top=0, bottom=768, width=1366, height=768, xcenter=683, ycenter=384)</msg>
<msg time="2025-04-14T10:46:30.825387" level="INFO">Locator 'Aplicativo' produced matcher: MatchObject(locators=[('Name', 'Aplicativo', 0)], _classes=set(), max_level=0)</msg>
<msg time="2025-04-14T10:46:31.932710" level="INFO">Returning element: WindowsElement(item=&lt;MenuBarControl ClassName='' AutomationId=MenuBar Rect=(0,23,1366,42)[1366x19] Name='Aplicativo' Handle=0x0(0)&gt;, locator='Aplicativo', name='Aplicativo', automation_id='MenuBar', control_type='MenuBarControl', class_name='', left=0, right=1366, top=23, bottom=42, width=1366, height=19, xcenter=683, ycenter=32)</msg>
<arg>Aplicativo</arg>
<doc>Set anchor to an element specified by the locator.</doc>
<status status="PASS" start="2025-04-14T10:46:30.802563" elapsed="1.130147"/>
</kw>
<kw name="Click" owner="RPA.Windows">
<msg time="2025-04-14T10:46:31.932710" level="INFO">Getting element with locator: Fechar</msg>
<msg time="2025-04-14T10:46:31.942617" level="INFO">Resulted root element: WindowsElement(item=&lt;MenuBarControl ClassName='' AutomationId=MenuBar Rect=(0,23,1366,42)[1366x19] Name='Aplicativo' Handle=0x0(0)&gt;, locator='Aplicativo', name='Aplicativo', automation_id='MenuBar', control_type='MenuBarControl', class_name='', left=0, right=1366, top=23, bottom=42, width=1366, height=19, xcenter=683, ycenter=32)</msg>
<msg time="2025-04-14T10:46:31.942617" level="INFO">Locator 'Fechar' produced matcher: MatchObject(locators=[('Name', 'Fechar', 0)], _classes=set(), max_level=0)</msg>
<msg time="2025-04-14T10:46:33.012566" level="INFO">Returning element: WindowsElement(item=&lt;ButtonControl ClassName='' AutomationId= Rect=(1347,23,1366,42)[19x19] Name='Fechar' Handle=0x0(0)&gt;, locator='Fechar', name='Fechar', automation_id='', control_type='ButtonControl', class_name='', left=1347, right=1366, top=23, bottom=42, width=19, height=19, xcenter=1356, ycenter=32)</msg>
<arg>Fechar</arg>
<tag>action</tag>
<tag>mouse</tag>
<doc>Mouse click on element matching given locator.</doc>
<status status="PASS" start="2025-04-14T10:46:31.932710" elapsed="1.678569"/>
</kw>
<kw name="Clear Anchor" owner="RPA.Windows">
<doc>Clears control anchor set by ``Set Anchor``</doc>
<status status="PASS" start="2025-04-14T10:46:33.612303" elapsed="0.000000"/>
</kw>
<status status="PASS" start="2025-04-14T10:46:30.802563" elapsed="2.809740"/>
</kw>
<kw name="Caso aconteça erro" owner="BaseDesktop" type="TEARDOWN">
<kw name="Run Keywords" owner="BuiltIn">
<kw name="Run Keyword If Test Failed" owner="BuiltIn">
<arg>Take Screenshot</arg>
<arg>${Caminho_Screenshots}${nome_print}.png</arg>
<doc>Runs the given keyword with the given arguments, if the test failed.</doc>
<status status="PASS" start="2025-04-14T10:46:33.622699" elapsed="0.000000"/>
</kw>
<kw name="Run Keyword If Test Failed" owner="BuiltIn">
<arg>Run Keyword And Ignore Error</arg>
<arg>Fechar janela</arg>
<doc>Runs the given keyword with the given arguments, if the test failed.</doc>
<status status="PASS" start="2025-04-14T10:46:33.622699" elapsed="0.000000"/>
</kw>
<kw name="Run Keyword If Test Failed" owner="BuiltIn">
<arg>RPA.Desktop.Press Keys</arg>
<arg>Enter</arg>
<doc>Runs the given keyword with the given arguments, if the test failed.</doc>
<status status="PASS" start="2025-04-14T10:46:33.622699" elapsed="0.000000"/>
</kw>
<arg>Run Keyword If Test Failed</arg>
<arg>Take Screenshot</arg>
<arg>${Caminho_Screenshots}${nome_print}.png</arg>
<arg>AND</arg>
<arg>Run Keyword If Test Failed</arg>
<arg>Run Keyword And Ignore Error</arg>
<arg>Fechar janela</arg>
<arg>AND</arg>
<arg>Run Keyword If Test Failed</arg>
<arg>RPA.Desktop.Press Keys</arg>
<arg>Enter</arg>
<doc>Executes all the given keywords in a sequence.</doc>
<status status="PASS" start="2025-04-14T10:46:33.622699" elapsed="0.000000"/>
</kw>
<arg>${Caminho_Screenshots}</arg>
<arg>ERRO Configurar de Dup_Boletos_Carnês</arg>
<status status="PASS" start="2025-04-14T10:46:33.612303" elapsed="0.010396"/>
</kw>
<status status="PASS" start="2025-04-14T10:46:25.492784" elapsed="8.129915"/>
</test>
<doc>Smoke Test: Utilitários</doc>
<status status="PASS" start="2025-04-14T10:46:09.022375" elapsed="24.622815"/>
</suite>
<statistics>
<total>
<stat pass="1" fail="0" skip="0">All Tests</stat>
</total>
<tag>
</tag>
<suite>
<stat name="Utilitários" id="s1" pass="1" fail="0" skip="0">Utilitários</stat>
</suite>
</statistics>
<errors>
</errors>
</robot>
