<?xml version="1.0" encoding="UTF-8"?>
<robot generator="Robot 7.2.2 (Python 3.13.2 on win32)" generated="2025-03-06T15:43:31.388015" rpa="false" schemaversion="5">
<suite id="s1" name="Abrir Manager" source="C:\Users\Gustavo Zanotto\AppData\Local\Programs\Python\Python313\Scripts\RobotFramework\EstruturasBase\Tests\Abrir_Manager.robot">
<kw name="Iniciar sessão" type="SETUP">
<msg time="2025-03-06T15:43:31.483354" level="FAIL">No keyword with name 'Iniciar sessão' found.</msg>
<status status="FAIL" start="2025-03-06T15:43:31.482965" elapsed="0.000499">No keyword with name 'Iniciar sessão' found.</status>
</kw>
<test id="s1-t1" line="14">
<status status="FAIL" start="2025-03-06T15:43:31.484717" elapsed="0.000689">Parent suite setup failed:
No keyword with name 'Iniciar sessão' found.</status>
</test>
<kw name="Terminar sessão" type="TEARDOWN">
<msg time="2025-03-06T15:43:31.494113" level="FAIL">No keyword with name 'Terminar sessão' found.</msg>
<status status="FAIL" start="2025-03-06T15:43:31.494019" elapsed="0.000185">No keyword with name 'Terminar sessão' found.</status>
</kw>
<doc>Suite de teste do manager</doc>
<status status="FAIL" start="2025-03-06T15:43:31.392018" elapsed="0.102302">Suite setup failed:
No keyword with name 'Iniciar sessão' found.

Also suite teardown failed:
No keyword with name 'Terminar sessão' found.</status>
</suite>
<statistics>
<total>
<stat pass="0" fail="1" skip="0">All Tests</stat>
</total>
<tag>
</tag>
<suite>
<stat name="Abrir Manager" id="s1" pass="0" fail="1" skip="0">Abrir Manager</stat>
</suite>
</statistics>
<errors>
<msg time="2025-03-06T15:43:31.474534" level="ERROR">Error in file 'C:\Users\Gustavo Zanotto\AppData\Local\Programs\Python\Python313\Scripts\RobotFramework\EstruturasBase\Tests\Abrir_Manager.robot' on line 4: Error in file 'C:\Users\Gustavo Zanotto\AppData\Local\Programs\Python\Python313\Scripts\RobotFramework\EstruturasBase\EstruturaDesktop.robot' on line 34: Resource file with 'Test Cases' section is invalid.</msg>
</errors>
</robot>
