<?xml version="1.0" encoding="UTF-8"?>
<robot generator="Robot 7.2.2 (Python 3.11.0 on win32)" generated="2025-03-07T14:08:06.006301" rpa="false" schemaversion="5">
<suite id="s1" name="EstruturaDesktop" source="C:\Users\Gustavo Zanotto\AppData\Local\Programs\Python\Python311\Scripts\RobotFramework\EstruturasBase\EstruturaDesktop.robot">
<test id="s1-t1" name="Abrindo a tela do manager" line="47">
<kw name="Carregar os elementos do app">
<kw name="Add Image Path" owner="SikuliLibrary">
<arg>${EXECDIR}\\EstruturasBase\\Elements</arg>
<doc>Add image path</doc>
<status status="PASS" start="2025-03-07T14:08:16.997686" elapsed="0.064707"/>
</kw>
<status status="PASS" start="2025-03-07T14:08:16.995643" elapsed="0.066750"/>
</kw>
<kw name="Selecionando a bilheteria">
<kw name="Iniciar sessao">
<kw name="Click" owner="SikuliLibrary">
<msg time="2025-03-07T14:08:19.975551" level="INFO" html="true">&lt;img src='sikuli_captured/sikuliximage-1741367299057.png'/&gt;
[log] CLICK on L[713,747]@S(0) (620 msec)</msg>
<arg>Abrir-Manager.png</arg>
<doc>Click</doc>
<status status="PASS" start="2025-03-07T14:08:17.064388" elapsed="2.912162"/>
</kw>
<status status="PASS" start="2025-03-07T14:08:17.063392" elapsed="2.913158"/>
</kw>
<kw name="Sleep" owner="BuiltIn">
<msg time="2025-03-07T14:08:24.978383" level="INFO">Slept 5 seconds.</msg>
<arg>5s</arg>
<doc>Pauses the test executed for the given time.</doc>
<status status="PASS" start="2025-03-07T14:08:19.976550" elapsed="5.001833"/>
</kw>
<kw name="Press Keys" owner="RPA.Desktop">
<msg time="2025-03-07T14:08:24.979359" level="INFO">Pressing keys: Key.enter</msg>
<arg>enter</arg>
<doc>Press multiple keys down simultaneously.</doc>
<status status="PASS" start="2025-03-07T14:08:24.978383" elapsed="0.002972"/>
</kw>
<kw name="Sleep" owner="BuiltIn">
<msg time="2025-03-07T14:08:26.984121" level="INFO">Slept 2 seconds.</msg>
<msg time="2025-03-07T14:08:26.984121" level="INFO">Carregando a base...</msg>
<arg>2s</arg>
<arg>Carregando a base...</arg>
<doc>Pauses the test executed for the given time.</doc>
<status status="PASS" start="2025-03-07T14:08:24.982350" elapsed="2.002692"/>
</kw>
<kw name="Type Text" owner="RPA.Desktop">
<arg>lbadmin940</arg>
<doc>Type text one letter at a time.</doc>
<status status="PASS" start="2025-03-07T14:08:26.986025" elapsed="0.021072"/>
</kw>
<kw name="Press Keys" owner="RPA.Desktop">
<msg time="2025-03-07T14:08:27.008104" level="INFO">Pressing keys: Key.enter</msg>
<arg>enter</arg>
<doc>Press multiple keys down simultaneously.</doc>
<status status="PASS" start="2025-03-07T14:08:27.007097" elapsed="0.102874"/>
</kw>
<kw name="Press Keys" owner="RPA.Desktop">
<msg time="2025-03-07T14:08:27.112964" level="INFO">Pressing keys: Key.enter</msg>
<arg>enter</arg>
<doc>Press multiple keys down simultaneously.</doc>
<status status="PASS" start="2025-03-07T14:08:27.110968" elapsed="0.099547"/>
</kw>
<status status="PASS" start="2025-03-07T14:08:17.063392" elapsed="10.148122"/>
</kw>
<kw name="Abrindo cadastro bilhetes">
<kw name="Click" owner="SikuliLibrary">
<msg time="2025-03-07T14:08:28.275886" level="INFO" html="true">&lt;img src='sikuli_captured/sikuliximage-1741367307492.png'/&gt;
[log] CLICK on L[55,32]@S(0) (575 msec)</msg>
<arg>Cadastros.png</arg>
<doc>Click</doc>
<status status="PASS" start="2025-03-07T14:08:27.213509" elapsed="1.062377"/>
</kw>
<kw name="Click" owner="RPA.Desktop">
<msg time="2025-03-07T14:08:28.276883" level="INFO">Resolving locator: Name:Bilhetes</msg>
<msg time="2025-03-07T14:08:28.276883" level="FAIL">ValueError: Unknown locator type: name</msg>
<arg>Name:Bilhetes</arg>
<doc>Click at the element indicated by locator.</doc>
<status status="FAIL" start="2025-03-07T14:08:28.275886" elapsed="0.009411">ValueError: Unknown locator type: name</status>
</kw>
<status status="FAIL" start="2025-03-07T14:08:27.211514" elapsed="1.073783">ValueError: Unknown locator type: name</status>
</kw>
<kw name="Encerrar teste">
<status status="NOT RUN" start="2025-03-07T14:08:28.286294" elapsed="0.000000"/>
</kw>
<status status="FAIL" start="2025-03-07T14:08:16.994180" elapsed="11.293112">ValueError: Unknown locator type: name</status>
</test>
<status status="FAIL" start="2025-03-07T14:08:06.013281" elapsed="22.277002"/>
</suite>
<statistics>
<total>
<stat pass="0" fail="1" skip="0">All Tests</stat>
</total>
<tag>
</tag>
<suite>
<stat name="EstruturaDesktop" id="s1" pass="0" fail="1" skip="0">EstruturaDesktop</stat>
</suite>
</statistics>
<errors>
</errors>
</robot>
